<?xml version="1.0" encoding="UTF-8"?>
<!-- Generated by org.testng.reporters.JUnitXMLReporter -->
<testsuite ignored="0" hostname="MSI" failures="0" tests="5" name="Default test" time="0.064" errors="0" timestamp="2023-10-03T10:02:45 IDT">
  <testcase classname="testAnn" name="test3" time="0.013"/>
  <testcase classname="testAnn" name="testt1" time="0.001"/>
  <testcase classname="testAnn" name="testt2" time="0.0"/>
  <testcase classname="testAnn" name="test2" time="0.001"/>
  <testcase classname="testAnn" name="test1" time="0.001"/>
</testsuite> <!-- Default test -->
