<?xml version="1.0" encoding="UTF-8"?>
<testng-results ignored="0" total="5" passed="5" failed="0" skipped="0">
  <reporter-output>
  </reporter-output>
  <suite started-at="2023-10-03T10:02:45 IDT" name="Default suite" finished-at="2023-10-03T10:02:45 IDT" duration-ms="64">
    <groups>
    </groups>
    <test started-at="2023-10-03T10:02:45 IDT" name="Default test" finished-at="2023-10-03T10:02:45 IDT" duration-ms="64">
      <class name="testAnn">
        <test-method signature="test3()[pri:0, instance:testAnn@7ee955a8]" started-at="2023-10-03T10:02:45 IDT" name="test3" finished-at="2023-10-03T10:02:45 IDT" duration-ms="13" status="PASS">
          <reporter-output>
          </reporter-output>
        </test-method> <!-- test3 -->
        <test-method signature="testt1()[pri:0, instance:testAnn@7ee955a8]" started-at="2023-10-03T10:02:45 IDT" name="testt1" finished-at="2023-10-03T10:02:45 IDT" duration-ms="1" status="PASS">
          <reporter-output>
          </reporter-output>
        </test-method> <!-- testt1 -->
        <test-method signature="testt2()[pri:0, instance:testAnn@7ee955a8]" started-at="2023-10-03T10:02:45 IDT" name="testt2" finished-at="2023-10-03T10:02:45 IDT" duration-ms="0" status="PASS">
          <reporter-output>
          </reporter-output>
        </test-method> <!-- testt2 -->
        <test-method signature="test2()[pri:1, instance:testAnn@7ee955a8]" started-at="2023-10-03T10:02:45 IDT" name="test2" finished-at="2023-10-03T10:02:45 IDT" duration-ms="1" status="PASS">
          <reporter-output>
          </reporter-output>
        </test-method> <!-- test2 -->
        <test-method signature="test1()[pri:2, instance:testAnn@7ee955a8]" started-at="2023-10-03T10:02:45 IDT" name="test1" finished-at="2023-10-03T10:02:45 IDT" duration-ms="1" status="PASS">
          <reporter-output>
          </reporter-output>
        </test-method> <!-- test1 -->
      </class> <!-- testAnn -->
    </test> <!-- Default test -->
  </suite> <!-- Default suite -->
</testng-results>
